Arguments: 
  /Users/300004060/.nvm/versions/node/v14.19.0/bin/node /Users/300004060/.nvm/versions/node/v14.19.0/bin/yarnpkg install

PATH: 
  /Users/300004060/.nvm/versions/node/v14.19.0/bin:/Library/Frameworks/Python.framework/Versions/2.7/bin:/usr/local/bin:/usr/bin:/bin:/usr/sbin:/sbin:/Library/Apple/usr/bin:/Users/300004060/Library/Android/sdk/emulator:/Users/300004060/Library/Android/sdk/tools:/Users/300004060/Library/Android/sdk/tools/bin:/Users/300004060/Library/Android/sdk/platform-tools:/Applications/MySQLWorkbench.app/Contents/MacOS:/Users/300004060/gradle-5.4.1/bin

Yarn version: 
  1.22.17

Node version: 
  14.19.0

Platform: 
  darwin x64

Trace: 
  Error: https://registry.yarnpkg.com/colors/-/colors-1.4.2.tgz: Request failed "404 Not Found"
      at ResponseError.ExtendableBuiltin (/Users/300004060/.nvm/versions/node/v14.19.0/lib/node_modules/yarn/lib/cli.js:696:66)
      at new ResponseError (/Users/300004060/.nvm/versions/node/v14.19.0/lib/node_modules/yarn/lib/cli.js:802:124)
      at Request.<anonymous> (/Users/300004060/.nvm/versions/node/v14.19.0/lib/node_modules/yarn/lib/cli.js:67099:16)
      at Request.emit (events.js:400:28)
      at Request.module.exports.Request.onRequestResponse (/Users/300004060/.nvm/versions/node/v14.19.0/lib/node_modules/yarn/lib/cli.js:141760:10)
      at ClientRequest.emit (events.js:400:28)
      at HTTPParser.parserOnIncomingClient (_http_client.js:647:27)
      at HTTPParser.parserOnHeadersComplete (_http_common.js:127:17)
      at HTTPParser.execute (<anonymous>)
      at TLSSocket.socketOnData (_http_client.js:515:22)

npm manifest: 
  {
    "name": "xpand-reality-app",
    "version": "1.0.0",
    "main": "node_modules/expo/AppEntry.js",
    "scripts": {
      "start": "expo start",
      "android": "expo start --android",
      "ios": "expo start --ios",
      "web": "expo start --web",
      "eject": "expo eject",
      "test": "jest --watchAll"
    },
    "jest": {
      "preset": "jest-expo"
    },
    "dependencies": {
      "@expo/vector-icons": "^12.0.0",
      "@react-navigation/bottom-tabs": "^6.0.5",
      "@react-navigation/native": "^6.0.2",
      "@react-navigation/native-stack": "^6.1.0",
      "expo": "~44.0.0",
      "expo-asset": "~8.4.4",
      "expo-constants": "~13.0.0",
      "expo-font": "~10.0.4",
      "expo-linking": "~3.0.0",
      "expo-splash-screen": "~0.14.0",
      "expo-status-bar": "~1.2.0",
      "expo-web-browser": "~10.1.0",
      "react": "17.0.1",
      "react-dom": "17.0.1",
      "react-native": "0.64.3",
      "react-native-safe-area-context": "3.3.2",
      "react-native-screens": "~3.10.1",
      "react-native-web": "0.17.1"
    },
    "devDependencies": {
      "@babel/core": "^7.12.9",
      "@types/react": "~17.0.21",
      "@types/react-native": "~0.64.12",
      "jest-expo": "~44.0.1",
      "jest": "^26.6.3",
      "react-test-renderer": "17.0.1",
      "typescript": "~4.3.5"
    },
    "private": true
  }

yarn manifest: 
  No manifest

Lockfile: 
  No lockfile
